nftset=/youtube.com/4#inet#fw4#vpn_domains
nftset=/ytimg.com/4#inet#fw4#vpn_domains
nftset=/yting.com/4#inet#fw4#vpn_domains
nftset=/ggpht.com/4#inet#fw4#vpn_domains
nftset=/googlevideo.com/4#inet#fw4#vpn_domains
nftset=/youtubekids.com/4#inet#fw4#vpn_domains
nftset=/youtu.be/4#inet#fw4#vpn_domains
nftset=/yt.be/4#inet#fw4#vpn_domains
nftset=/youtube-nocookie.com/4#inet#fw4#vpn_domains
nftset=/wide-youtube.l.google.com/4#inet#fw4#vpn_domains
nftset=/ytimg.l.google.com/4#inet#fw4#vpn_domains
nftset=/youtubei.googleapis.com/4#inet#fw4#vpn_domains
nftset=/youtubeembeddedplayer.googleapis.com/4#inet#fw4#vpn_domains
nftset=/youtube-ui.l.google.com/4#inet#fw4#vpn_domains
nftset=/yt-video-upload.l.google.com/4#inet#fw4#vpn_domains
nftset=/jnn-pa.googleapis.com/4#inet#fw4#vpn_domains
nftset=/returnyoutubedislikeapi.com/4#inet#fw4#vpn_domains
nftset=/yt3.googleusercontent.com/4#inet#fw4#vpn_domains
nftset=/cdn-telegram.org/4#inet#fw4#vpn_domains
nftset=/comments.app/4#inet#fw4#vpn_domains
nftset=/contest.com/4#inet#fw4#vpn_domains
nftset=/fragment.com/4#inet#fw4#vpn_domains
nftset=/graph.org/4#inet#fw4#vpn_domains
nftset=/quiz.directory/4#inet#fw4#vpn_domains
nftset=/t.me/4#inet#fw4#vpn_domains
nftset=/tdesktop.com/4#inet#fw4#vpn_domains
nftset=/telega.one/4#inet#fw4#vpn_domains
nftset=/telegra.ph/4#inet#fw4#vpn_domains
nftset=/telegram-cdn.org/4#inet#fw4#vpn_domains
nftset=/telegram.dog/4#inet#fw4#vpn_domains
nftset=/telegram.me/4#inet#fw4#vpn_domains
nftset=/telegram.org/4#inet#fw4#vpn_domains
nftset=/telegram.space/4#inet#fw4#vpn_domains
nftset=/telesco.pe/4#inet#fw4#vpn_domains
nftset=/tg.dev/4#inet#fw4#vpn_domains
nftset=/tx.me/4#inet#fw4#vpn_domains
nftset=/usercontent.dev/4#inet#fw4#vpn_domains
nftset=/googleplay.com/4#inet#fw4#vpn_domains
nftset=/play-fe.googleapis.com/4#inet#fw4#vpn_domains
nftset=/play-games.googleusercontent.com/4#inet#fw4#vpn_domains
nftset=/play-lh.googleusercontent.com/4#inet#fw4#vpn_domains
nftset=/play.google.com/4#inet#fw4#vpn_domains
nftset=/play.googleapis.com/4#inet#fw4#vpn_domains
nftset=/lh3.googleusercontent.com/4#inet#fw4#vpn_domains
nftset=/connectivitycheck.gstatic.com/4#inet#fw4#vpn_domains
nftset=/android.clients.google.com/4#inet#fw4#vpn_domains
nftset=/prod-lt-playstoregatewayadapter-pa.googleapis.com/4#inet#fw4#vpn_domains
nftset=/beacons.gvt2.com/4#inet#fw4#vpn_domains
nftset=/gvt1.com/4#inet#fw4#vpn_domains
